<?xml version="1.0" encoding="UTF-8"?>
<coverage generated="1601109078507" clover="3.2.0">
  <project timestamp="1601109078507" name="All files">
    <metrics statements="61" coveredstatements="44" conditionals="34" coveredconditionals="28" methods="12" coveredmethods="8" elements="107" coveredelements="80" complexity="0" loc="61" ncloc="61" packages="1" files="2" classes="2"/>
    <file name="constants.js" path="C:\Users\FIBONACCI\Desktop\School\BCIT\COMP 1320\Code\Labs\Lab2\constants.js">
      <metrics statements="13" coveredstatements="13" conditionals="0" coveredconditionals="0" methods="0" coveredmethods="0"/>
      <line num="1" count="1" type="stmt"/>
      <line num="11" count="1" type="stmt"/>
      <line num="21" count="1" type="stmt"/>
      <line num="31" count="1" type="stmt"/>
      <line num="49" count="1" type="stmt"/>
      <line num="66" count="1" type="stmt"/>
      <line num="85" count="1" type="stmt"/>
      <line num="100" count="1" type="stmt"/>
      <line num="115" count="1" type="stmt"/>
      <line num="130" count="1" type="stmt"/>
      <line num="145" count="1" type="stmt"/>
      <line num="149" count="1" type="stmt"/>
      <line num="200" count="1" type="stmt"/>
    </file>
    <file name="lab-three.js" path="C:\Users\FIBONACCI\Desktop\School\BCIT\COMP 1320\Code\Labs\Lab2\lab-three.js">
      <metrics statements="48" coveredstatements="31" conditionals="34" coveredconditionals="28" methods="12" coveredmethods="8"/>
      <line num="2" count="1" type="stmt"/>
      <line num="6" count="218782" type="stmt"/>
      <line num="7" count="218782" type="stmt"/>
      <line num="8" count="218782" type="stmt"/>
      <line num="9" count="218782" type="stmt"/>
      <line num="10" count="218782" type="stmt"/>
      <line num="11" count="218782" type="stmt"/>
      <line num="12" count="218782" type="stmt"/>
      <line num="14" count="218782" type="stmt"/>
      <line num="18" count="219403" type="cond" truecount="3" falsecount="0"/>
      <line num="22" count="0" type="stmt"/>
      <line num="23" count="0" type="stmt"/>
      <line num="25" count="0" type="stmt"/>
      <line num="26" count="0" type="stmt"/>
      <line num="27" count="0" type="stmt"/>
      <line num="29" count="0" type="cond" truecount="0" falsecount="2"/>
      <line num="30" count="0" type="stmt"/>
      <line num="33" count="0" type="stmt"/>
      <line num="34" count="0" type="stmt"/>
      <line num="35" count="0" type="stmt"/>
      <line num="37" count="0" type="stmt"/>
      <line num="42" count="0" type="cond" truecount="0" falsecount="2"/>
      <line num="52" count="0" type="cond" truecount="0" falsecount="2"/>
      <line num="53" count="0" type="stmt"/>
      <line num="56" count="0" type="stmt"/>
      <line num="57" count="0" type="stmt"/>
      <line num="61" count="0" type="stmt"/>
      <line num="65" count="218782" type="stmt"/>
      <line num="66" count="218782" type="stmt"/>
      <line num="67" count="218782" type="stmt"/>
      <line num="72" count="218782" type="cond" truecount="4" falsecount="0"/>
      <line num="73" count="36525" type="stmt"/>
      <line num="74" count="182257" type="cond" truecount="4" falsecount="0"/>
      <line num="75" count="36524" type="stmt"/>
      <line num="76" count="145733" type="cond" truecount="4" falsecount="0"/>
      <line num="77" count="36524" type="stmt"/>
      <line num="78" count="109209" type="cond" truecount="4" falsecount="0"/>
      <line num="79" count="36525" type="stmt"/>
      <line num="80" count="72684" type="cond" truecount="4" falsecount="0"/>
      <line num="81" count="36160" type="stmt"/>
      <line num="83" count="36524" type="stmt"/>
      <line num="88" count="218782" type="cond" truecount="5" falsecount="0"/>
      <line num="89" count="8760" type="stmt"/>
      <line num="91" count="210022" type="stmt"/>
      <line num="95" count="218782" type="stmt"/>
      <line num="99" count="437564" type="stmt"/>
      <line num="103" count="437564" type="stmt"/>
      <line num="113" count="1" type="stmt"/>
    </file>
  </project>
</coverage>
