<?xml version="1.0" encoding="UTF-8"?>
<coverage generated="1601056472892" clover="3.2.0">
  <project timestamp="1601056472892" name="All files">
    <metrics statements="3" coveredstatements="2" conditionals="2" coveredconditionals="1" methods="0" coveredmethods="0" elements="5" coveredelements="3" complexity="0" loc="3" ncloc="3" packages="1" files="1" classes="1"/>
    <file name="lab-three.js" path="C:\Users\FIBONACCI\Desktop\School\BCIT\COMP 1320\Code\Labs\Lab2\lab-three.js">
      <metrics statements="3" coveredstatements="2" conditionals="2" coveredconditionals="1" methods="0" coveredmethods="0"/>
      <line num="1" count="1" type="stmt"/>
      <line num="3" count="1" type="cond" truecount="1" falsecount="1"/>
      <line num="4" count="0" type="stmt"/>
    </file>
  </project>
</coverage>
