{"C:\\Users\\FIBONACCI\\Desktop\\School\\BCIT\\COMP 1320\\Code\\Labs\\Lab2\\constants.js": {"path":"C:\\Users\\FIBONACCI\\Desktop\\School\\BCIT\\COMP 1320\\Code\\Labs\\Lab2\\constants.js","statementMap":{"0":{"start":{"line":1,"column":16},"end":{"line":9,"column":1}},"1":{"start":{"line":11,"column":18},"end":{"line":19,"column":1}},"2":{"start":{"line":21,"column":21},"end":{"line":29,"column":1}},"3":{"start":{"line":31,"column":27},"end":{"line":44,"column":1}},"4":{"start":{"line":49,"column":28},"end":{"line":63,"column":1}},"5":{"start":{"line":66,"column":26},"end":{"line":79,"column":1}},"6":{"start":{"line":85,"column":20},"end":{"line":98,"column":1}},"7":{"start":{"line":100,"column":21},"end":{"line":113,"column":1}},"8":{"start":{"line":115,"column":19},"end":{"line":128,"column":1}},"9":{"start":{"line":130,"column":20},"end":{"line":143,"column":1}},"10":{"start":{"line":145,"column":20},"end":{"line":147,"column":91}},"11":{"start":{"line":149,"column":18},"end":{"line":197,"column":78}},"12":{"start":{"line":200,"column":0},"end":{"line":200,"column":189}}},"fnMap":{},"branchMap":{},"s":{"0":1,"1":1,"2":1,"3":1,"4":1,"5":1,"6":1,"7":1,"8":1,"9":1,"10":1,"11":1,"12":1},"f":{},"b":{},"_coverageSchema":"1a1c01bbd47fc00a2c39e90264f33305004495a9","hash":"70c005c9191c83dfd05549d359144917e425a525"}
,"C:\\Users\\FIBONACCI\\Desktop\\School\\BCIT\\COMP 1320\\Code\\Labs\\Lab2\\lab-three.js": {"path":"C:\\Users\\FIBONACCI\\Desktop\\School\\BCIT\\COMP 1320\\Code\\Labs\\Lab2\\lab-three.js","statementMap":{"0":{"start":{"line":2,"column":16},"end":{"line":2,"column":38}},"1":{"start":{"line":6,"column":24},"end":{"line":6,"column":52}},"2":{"start":{"line":7,"column":23},"end":{"line":7,"column":53}},"3":{"start":{"line":8,"column":30},"end":{"line":8,"column":61}},"4":{"start":{"line":9,"column":21},"end":{"line":9,"column":56}},"5":{"start":{"line":10,"column":20},"end":{"line":10,"column":78}},"6":{"start":{"line":11,"column":21},"end":{"line":11,"column":86}},"7":{"start":{"line":12,"column":20},"end":{"line":12,"column":46}},"8":{"start":{"line":14,"column":4},"end":{"line":14,"column":44}},"9":{"start":{"line":18,"column":4},"end":{"line":18,"column":64}},"10":{"start":{"line":22,"column":15},"end":{"line":22,"column":19}},"11":{"start":{"line":23,"column":16},"end":{"line":23,"column":17}},"12":{"start":{"line":25,"column":4},"end":{"line":38,"column":5}},"13":{"start":{"line":26,"column":31},"end":{"line":26,"column":60}},"14":{"start":{"line":27,"column":24},"end":{"line":27,"column":55}},"15":{"start":{"line":29,"column":8},"end":{"line":31,"column":9}},"16":{"start":{"line":30,"column":12},"end":{"line":30,"column":31}},"17":{"start":{"line":33,"column":8},"end":{"line":36,"column":9}},"18":{"start":{"line":33,"column":22},"end":{"line":33,"column":23}},"19":{"start":{"line":34,"column":12},"end":{"line":34,"column":50}},"20":{"start":{"line":35,"column":12},"end":{"line":35,"column":54}},"21":{"start":{"line":37,"column":8},"end":{"line":37,"column":16}},"22":{"start":{"line":42,"column":4},"end":{"line":42,"column":44}},"23":{"start":{"line":52,"column":4},"end":{"line":54,"column":5}},"24":{"start":{"line":53,"column":8},"end":{"line":53,"column":24}},"25":{"start":{"line":56,"column":25},"end":{"line":56,"column":58}},"26":{"start":{"line":57,"column":4},"end":{"line":57,"column":49}},"27":{"start":{"line":61,"column":4},"end":{"line":61,"column":75}},"28":{"start":{"line":65,"column":4},"end":{"line":65,"column":56}},"29":{"start":{"line":66,"column":4},"end":{"line":66,"column":64}},"30":{"start":{"line":67,"column":4},"end":{"line":67,"column":21}},"31":{"start":{"line":72,"column":4},"end":{"line":82,"column":5}},"32":{"start":{"line":73,"column":8},"end":{"line":73,"column":31}},"33":{"start":{"line":74,"column":11},"end":{"line":82,"column":5}},"34":{"start":{"line":75,"column":8},"end":{"line":75,"column":31}},"35":{"start":{"line":76,"column":11},"end":{"line":82,"column":5}},"36":{"start":{"line":77,"column":8},"end":{"line":77,"column":31}},"37":{"start":{"line":78,"column":11},"end":{"line":82,"column":5}},"38":{"start":{"line":79,"column":8},"end":{"line":79,"column":31}},"39":{"start":{"line":80,"column":11},"end":{"line":82,"column":5}},"40":{"start":{"line":81,"column":8},"end":{"line":81,"column":31}},"41":{"start":{"line":83,"column":4},"end":{"line":83,"column":21}},"42":{"start":{"line":88,"column":4},"end":{"line":90,"column":5}},"43":{"start":{"line":89,"column":8},"end":{"line":89,"column":31}},"44":{"start":{"line":91,"column":4},"end":{"line":91,"column":21}},"45":{"start":{"line":95,"column":4},"end":{"line":95,"column":24}},"46":{"start":{"line":99,"column":4},"end":{"line":99,"column":32}},"47":{"start":{"line":103,"column":4},"end":{"line":103,"column":44}},"48":{"start":{"line":113,"column":0},"end":{"line":113,"column":47}}},"fnMap":{"0":{"name":"getDayOfTheWeek","decl":{"start":{"line":4,"column":9},"end":{"line":4,"column":24}},"loc":{"start":{"line":4,"column":42},"end":{"line":15,"column":1}},"line":4},"1":{"name":"isLeapYear","decl":{"start":{"line":17,"column":9},"end":{"line":17,"column":19}},"loc":{"start":{"line":17,"column":25},"end":{"line":19,"column":1}},"line":17},"2":{"name":"makeCalender","decl":{"start":{"line":21,"column":9},"end":{"line":21,"column":21}},"loc":{"start":{"line":21,"column":23},"end":{"line":39,"column":1}},"line":21},"3":{"name":"isMonthFebAndLeapYear","decl":{"start":{"line":41,"column":9},"end":{"line":41,"column":30}},"loc":{"start":{"line":41,"column":43},"end":{"line":43,"column":1}},"line":41},"4":{"name":"incrementDayOfWeek","decl":{"start":{"line":50,"column":9},"end":{"line":50,"column":27}},"loc":{"start":{"line":50,"column":38},"end":{"line":58,"column":1}},"line":50},"5":{"name":"printDay","decl":{"start":{"line":60,"column":9},"end":{"line":60,"column":17}},"loc":{"start":{"line":60,"column":46},"end":{"line":62,"column":1}},"line":60},"6":{"name":"considerOffsets","decl":{"start":{"line":64,"column":9},"end":{"line":64,"column":24}},"loc":{"start":{"line":64,"column":48},"end":{"line":68,"column":1}},"line":64},"7":{"name":"considerCenturyOffsets","decl":{"start":{"line":70,"column":9},"end":{"line":70,"column":31}},"loc":{"start":{"line":70,"column":48},"end":{"line":84,"column":1}},"line":70},"8":{"name":"considerLeapYearOffsets","decl":{"start":{"line":86,"column":9},"end":{"line":86,"column":32}},"loc":{"start":{"line":86,"column":56},"end":{"line":92,"column":1}},"line":86},"9":{"name":"getLastTwoDigitsOfYear","decl":{"start":{"line":94,"column":9},"end":{"line":94,"column":31}},"loc":{"start":{"line":94,"column":37},"end":{"line":96,"column":1}},"line":94},"10":{"name":"getRemainder","decl":{"start":{"line":98,"column":9},"end":{"line":98,"column":21}},"loc":{"start":{"line":98,"column":40},"end":{"line":100,"column":1}},"line":98},"11":{"name":"getQuotient","decl":{"start":{"line":102,"column":9},"end":{"line":102,"column":20}},"loc":{"start":{"line":102,"column":39},"end":{"line":104,"column":1}},"line":102}},"branchMap":{"0":{"loc":{"start":{"line":18,"column":11},"end":{"line":18,"column":63}},"type":"binary-expr","locations":[{"start":{"line":18,"column":13},"end":{"line":18,"column":24}},{"start":{"line":18,"column":31},"end":{"line":18,"column":41}},{"start":{"line":18,"column":49},"end":{"line":18,"column":62}}],"line":18},"1":{"loc":{"start":{"line":29,"column":8},"end":{"line":31,"column":9}},"type":"if","locations":[{"start":{"line":29,"column":8},"end":{"line":31,"column":9}},{"start":{"line":29,"column":8},"end":{"line":31,"column":9}}],"line":29},"2":{"loc":{"start":{"line":42,"column":12},"end":{"line":42,"column":42}},"type":"binary-expr","locations":[{"start":{"line":42,"column":12},"end":{"line":42,"column":28}},{"start":{"line":42,"column":32},"end":{"line":42,"column":42}}],"line":42},"3":{"loc":{"start":{"line":52,"column":4},"end":{"line":54,"column":5}},"type":"if","locations":[{"start":{"line":52,"column":4},"end":{"line":54,"column":5}},{"start":{"line":52,"column":4},"end":{"line":54,"column":5}}],"line":52},"4":{"loc":{"start":{"line":72,"column":4},"end":{"line":82,"column":5}},"type":"if","locations":[{"start":{"line":72,"column":4},"end":{"line":82,"column":5}},{"start":{"line":72,"column":4},"end":{"line":82,"column":5}}],"line":72},"5":{"loc":{"start":{"line":72,"column":7},"end":{"line":72,"column":34}},"type":"binary-expr","locations":[{"start":{"line":72,"column":7},"end":{"line":72,"column":18}},{"start":{"line":72,"column":22},"end":{"line":72,"column":34}}],"line":72},"6":{"loc":{"start":{"line":74,"column":11},"end":{"line":82,"column":5}},"type":"if","locations":[{"start":{"line":74,"column":11},"end":{"line":82,"column":5}},{"start":{"line":74,"column":11},"end":{"line":82,"column":5}}],"line":74},"7":{"loc":{"start":{"line":74,"column":14},"end":{"line":74,"column":41}},"type":"binary-expr","locations":[{"start":{"line":74,"column":14},"end":{"line":74,"column":25}},{"start":{"line":74,"column":29},"end":{"line":74,"column":41}}],"line":74},"8":{"loc":{"start":{"line":76,"column":11},"end":{"line":82,"column":5}},"type":"if","locations":[{"start":{"line":76,"column":11},"end":{"line":82,"column":5}},{"start":{"line":76,"column":11},"end":{"line":82,"column":5}}],"line":76},"9":{"loc":{"start":{"line":76,"column":14},"end":{"line":76,"column":41}},"type":"binary-expr","locations":[{"start":{"line":76,"column":14},"end":{"line":76,"column":25}},{"start":{"line":76,"column":29},"end":{"line":76,"column":41}}],"line":76},"10":{"loc":{"start":{"line":78,"column":11},"end":{"line":82,"column":5}},"type":"if","locations":[{"start":{"line":78,"column":11},"end":{"line":82,"column":5}},{"start":{"line":78,"column":11},"end":{"line":82,"column":5}}],"line":78},"11":{"loc":{"start":{"line":78,"column":14},"end":{"line":78,"column":41}},"type":"binary-expr","locations":[{"start":{"line":78,"column":14},"end":{"line":78,"column":25}},{"start":{"line":78,"column":29},"end":{"line":78,"column":41}}],"line":78},"12":{"loc":{"start":{"line":80,"column":11},"end":{"line":82,"column":5}},"type":"if","locations":[{"start":{"line":80,"column":11},"end":{"line":82,"column":5}},{"start":{"line":80,"column":11},"end":{"line":82,"column":5}}],"line":80},"13":{"loc":{"start":{"line":80,"column":14},"end":{"line":80,"column":41}},"type":"binary-expr","locations":[{"start":{"line":80,"column":14},"end":{"line":80,"column":25}},{"start":{"line":80,"column":29},"end":{"line":80,"column":41}}],"line":80},"14":{"loc":{"start":{"line":88,"column":4},"end":{"line":90,"column":5}},"type":"if","locations":[{"start":{"line":88,"column":4},"end":{"line":90,"column":5}},{"start":{"line":88,"column":4},"end":{"line":90,"column":5}}],"line":88},"15":{"loc":{"start":{"line":88,"column":7},"end":{"line":88,"column":54}},"type":"binary-expr","locations":[{"start":{"line":88,"column":7},"end":{"line":88,"column":23}},{"start":{"line":88,"column":28},"end":{"line":88,"column":38}},{"start":{"line":88,"column":42},"end":{"line":88,"column":52}}],"line":88}},"s":{"0":1,"1":218782,"2":218782,"3":218782,"4":218782,"5":218782,"6":218782,"7":218782,"8":218782,"9":219403,"10":0,"11":0,"12":0,"13":0,"14":0,"15":0,"16":0,"17":0,"18":0,"19":0,"20":0,"21":0,"22":0,"23":0,"24":0,"25":0,"26":0,"27":0,"28":218782,"29":218782,"30":218782,"31":218782,"32":36525,"33":182257,"34":36524,"35":145733,"36":36524,"37":109209,"38":36525,"39":72684,"40":36160,"41":36524,"42":218782,"43":8760,"44":210022,"45":218782,"46":437564,"47":437564,"48":1},"f":{"0":218782,"1":219403,"2":0,"3":0,"4":0,"5":0,"6":218782,"7":218782,"8":218782,"9":218782,"10":437564,"11":437564},"b":{"0":[219403,55482,166119],"1":[0,0],"2":[0,0],"3":[0,0],"4":[36525,182257],"5":[218782,218782],"6":[36524,145733],"7":[182257,182257],"8":[36524,109209],"9":[145733,145733],"10":[36525,72684],"11":[109209,72685],"12":[36160,36524],"13":[72684,36160],"14":[8760,210022],"15":[218782,53436,48910]},"_coverageSchema":"1a1c01bbd47fc00a2c39e90264f33305004495a9","hash":"077ac8acd0282bd2f011d15f56fb27b45f98e3f6"}
}
