{"C:\\Users\\FIBONACCI\\Desktop\\School\\BCIT\\COMP 1320\\Code\\Labs\\Lab2\\lab-three.js": {"path":"C:\\Users\\FIBONACCI\\Desktop\\School\\BCIT\\COMP 1320\\Code\\Labs\\Lab2\\lab-three.js","statementMap":{"0":{"start":{"line":1,"column":11},"end":{"line":1,"column":16}},"1":{"start":{"line":3,"column":0},"end":{"line":5,"column":1}},"2":{"start":{"line":4,"column":4},"end":{"line":4,"column":34}}},"fnMap":{},"branchMap":{"0":{"loc":{"start":{"line":3,"column":0},"end":{"line":5,"column":1}},"type":"if","locations":[{"start":{"line":3,"column":0},"end":{"line":5,"column":1}},{"start":{"line":3,"column":0},"end":{"line":5,"column":1}}],"line":3}},"s":{"0":1,"1":1,"2":0},"f":{},"b":{"0":[0,1]},"_coverageSchema":"1a1c01bbd47fc00a2c39e90264f33305004495a9","hash":"f4d6c5329765cf6fd82ae81baed2d7b4cd2d5d15"}
}
