TN:
SF:constants.js
FNF:0
FNH:0
DA:1,1
DA:11,1
DA:21,1
DA:31,1
DA:49,1
DA:66,1
DA:85,1
DA:100,1
DA:115,1
DA:130,1
DA:145,1
DA:149,1
DA:200,1
LF:13
LH:13
BRF:0
BRH:0
end_of_record
TN:
SF:lab-three.js
FN:4,getDayOfTheWeek
FN:17,isLeapYear
FN:21,makeCalender
FN:41,isMonthFebAndLeapYear
FN:50,incrementDayOfWeek
FN:60,printDay
FN:64,considerOffsets
FN:70,considerCenturyOffsets
FN:86,considerLeapYearOffsets
FN:94,getLastTwoDigitsOfYear
FN:98,getRemainder
FN:102,getQuotient
FNF:12
FNH:8
FNDA:218782,getDayOfTheWeek
FNDA:219403,isLeapYear
FNDA:0,makeCalender
FNDA:0,isMonthFebAndLeapYear
FNDA:0,incrementDayOfWeek
FNDA:0,printDay
FNDA:218782,considerOffsets
FNDA:218782,considerCenturyOffsets
FNDA:218782,considerLeapYearOffsets
FNDA:218782,getLastTwoDigitsOfYear
FNDA:437564,getRemainder
FNDA:437564,getQuotient
DA:2,1
DA:6,218782
DA:7,218782
DA:8,218782
DA:9,218782
DA:10,218782
DA:11,218782
DA:12,218782
DA:14,218782
DA:18,219403
DA:22,0
DA:23,0
DA:25,0
DA:26,0
DA:27,0
DA:29,0
DA:30,0
DA:33,0
DA:34,0
DA:35,0
DA:37,0
DA:42,0
DA:52,0
DA:53,0
DA:56,0
DA:57,0
DA:61,0
DA:65,218782
DA:66,218782
DA:67,218782
DA:72,218782
DA:73,36525
DA:74,182257
DA:75,36524
DA:76,145733
DA:77,36524
DA:78,109209
DA:79,36525
DA:80,72684
DA:81,36160
DA:83,36524
DA:88,218782
DA:89,8760
DA:91,210022
DA:95,218782
DA:99,437564
DA:103,437564
DA:113,1
LF:48
LH:31
BRDA:18,0,0,219403
BRDA:18,0,1,55482
BRDA:18,0,2,166119
BRDA:29,1,0,0
BRDA:29,1,1,0
BRDA:42,2,0,0
BRDA:42,2,1,0
BRDA:52,3,0,0
BRDA:52,3,1,0
BRDA:72,4,0,36525
BRDA:72,4,1,182257
BRDA:72,5,0,218782
BRDA:72,5,1,218782
BRDA:74,6,0,36524
BRDA:74,6,1,145733
BRDA:74,7,0,182257
BRDA:74,7,1,182257
BRDA:76,8,0,36524
BRDA:76,8,1,109209
BRDA:76,9,0,145733
BRDA:76,9,1,145733
BRDA:78,10,0,36525
BRDA:78,10,1,72684
BRDA:78,11,0,109209
BRDA:78,11,1,72685
BRDA:80,12,0,36160
BRDA:80,12,1,36524
BRDA:80,13,0,72684
BRDA:80,13,1,36160
BRDA:88,14,0,8760
BRDA:88,14,1,210022
BRDA:88,15,0,218782
BRDA:88,15,1,53436
BRDA:88,15,2,48910
BRF:34
BRH:28
end_of_record
